<?xml version="1.0" encoding="UTF-8"?>
<testng-results skipped="0" failed="0" ignored="0" total="1" passed="1">
  <reporter-output>
  </reporter-output>
  <suite name="Default suite" duration-ms="55264" started-at="2021-02-23T04:19:46Z" finished-at="2021-02-23T04:20:41Z">
    <groups>
    </groups>
    <test name="Default test" duration-ms="55264" started-at="2021-02-23T04:19:46Z" finished-at="2021-02-23T04:20:41Z">
      <class name="KhanSignInUsingGoogleAccount">
        <test-method status="PASS" signature="beforeClass()[pri:0, instance:KhanSignInUsingGoogleAccount@598067a5]" name="beforeClass" is-config="true" duration-ms="28984" started-at="2021-02-23T04:19:46Z" finished-at="2021-02-23T04:20:15Z">
          <reporter-output>
          </reporter-output>
        </test-method> <!-- beforeClass -->
        <test-method status="PASS" signature="signInUsingGoogle()[pri:0, instance:KhanSignInUsingGoogleAccount@598067a5]" name="signInUsingGoogle" duration-ms="26219" started-at="2021-02-23T04:20:15Z" finished-at="2021-02-23T04:20:41Z">
          <reporter-output>
          </reporter-output>
        </test-method> <!-- signInUsingGoogle -->
        <test-method status="PASS" signature="afterClass()[pri:0, instance:KhanSignInUsingGoogleAccount@598067a5]" name="afterClass" is-config="true" duration-ms="1" started-at="2021-02-23T04:20:41Z" finished-at="2021-02-23T04:20:41Z">
          <reporter-output>
          </reporter-output>
        </test-method> <!-- afterClass -->
      </class> <!-- KhanSignInUsingGoogleAccount -->
    </test> <!-- Default test -->
  </suite> <!-- Default suite -->
</testng-results>
